TN:
SF:src/server/main.ts
FNF:0
FNH:0
DA:1,1
DA:2,1
DA:3,1
DA:13,1
DA:15,1
DA:16,1
DA:17,1
DA:18,1
DA:19,0
DA:20,0
DA:22,1
DA:23,0
DA:24,0
DA:26,1
DA:27,0
DA:28,0
DA:30,1
DA:36,1
DA:37,1
DA:38,4
DA:39,3
DA:40,4
DA:41,1
DA:42,1
DA:44,4
DA:45,4
DA:46,1
DA:47,1
DA:49,1
DA:51,1
DA:53,1
DA:55,1
DA:56,0
DA:57,0
DA:58,0
DA:60,1
DA:61,1
DA:62,1
DA:63,1
DA:64,1
DA:65,1
DA:67,1
DA:69,1
DA:70,1
DA:71,1
DA:72,1
DA:73,1
LF:47
LH:38
BRDA:17,0,0,1
BRDA:18,1,0,0
BRDA:22,2,0,0
BRDA:26,3,0,0
BRDA:55,4,0,0
BRDA:37,5,0,4
BRDA:38,6,0,3
BRDA:40,7,0,1
BRDA:49,8,0,1
BRF:9
BRH:5
end_of_record
