TN:
SF:src/server/main.ts
FNF:0
FNH:0
DA:1,1
DA:2,1
DA:3,1
DA:13,1
DA:15,1
DA:16,1
DA:17,1
DA:18,1
DA:19,0
DA:20,0
DA:22,1
DA:23,0
DA:24,0
DA:26,1
DA:27,0
DA:28,0
DA:30,1
DA:36,1
DA:37,1
DA:38,4
DA:39,1
DA:40,1
DA:42,4
DA:43,4
DA:44,1
DA:45,1
DA:47,1
DA:49,1
DA:51,1
DA:52,1
DA:54,1
DA:55,1
DA:56,1
DA:57,1
DA:59,0
DA:60,0
DA:61,0
DA:62,0
DA:63,1
DA:64,1
DA:66,1
DA:68,1
DA:69,1
DA:70,1
DA:71,1
DA:72,1
LF:46
LH:36
BRDA:17,0,0,1
BRDA:18,1,0,0
BRDA:22,2,0,0
BRDA:26,3,0,0
BRDA:57,4,0,0
BRDA:37,5,0,4
BRDA:38,6,0,1
BRDA:47,7,0,1
BRF:8
BRH:4
end_of_record
